# JRE version: Java(TM) SE Runtime Environment (7.0_79-b15) (build 1.7.0_79-b15)
# Java VM: Java HotSpot(TM) Client VM (24.79-b02 mixed mode windows-x86 )
Heap
 def new generation   total 33984K, used 0K [0x0f200000, 0x116e0000, 0x14750000)
  eden space 30208K,   0% used [0x0f200000, 0x0f200000, 0x10f80000)
  from space 3776K,   0% used [0x10f80000, 0x10f80000, 0x11330000)
  to   space 3776K,   0% used [0x11330000, 0x11330000, 0x116e0000)
 tenured generation   total 75424K, used 30421K [0x14750000, 0x190f8000, 0x1f200000)
   the space 75424K,  40% used [0x14750000, 0x16505470, 0x16505600, 0x190f8000)
 compacting perm gen  total 65536K, used 65535K [0x1f200000, 0x23200000, 0x23200000)
   the space 65536K,  99% used [0x1f200000, 0x231fff78, 0x23200000, 0x23200000)
GC Heap History (10 events):
Event: 2127.415 GC heap before
{Heap before GC invocations=186 (full 21):
 def new generation   total 33984K, used 23235K [0x0f200000, 0x116e0000, 0x14750000)
  eden space 30208K,  64% used [0x0f200000, 0x10500fc8, 0x10f80000)
  from space 3776K, 100% used [0x10f80000, 0x11330000, 0x11330000)
  to   space 3776K,   0% used [0x11330000, 0x11330000, 0x116e0000)
 tenured generation   total 75424K, used 52945K [0x14750000, 0x190f8000, 0x1f200000)
   the space 75424K,  70% used [0x14750000, 0x17b046c8, 0x17b04800, 0x190f8000)
 compacting perm gen  total 65536K, used 65536K [0x1f200000, 0x23200000, 0x23200000)
   the space 65536K, 100% used [0x1f200000, 0x23200000, 0x23200000, 0x23200000)
No shared spaces configured.
Event: 2127.630 GC heap after
Heap after GC invocations=187 (full 22):
 def new generation   total 33984K, used 0K [0x0f200000, 0x116e0000, 0x14750000)
  eden space 30208K,   0% used [0x0f200000, 0x0f200000, 0x10f80000)
  from space 3776K,   0% used [0x10f80000, 0x10f80000, 0x11330000)
  to   space 3776K,   0% used [0x11330000, 0x11330000, 0x116e0000)
 tenured generation   total 75424K, used 36883K [0x14750000, 0x190f8000, 0x1f200000)
   the space 75424K,  48% used [0x14750000, 0x16b54de0, 0x16b54e00, 0x190f8000)
 compacting perm gen  total 65536K, used 65536K [0x1f200000, 0x23200000, 0x23200000)
   the space 65536K, 100% used [0x1f200000, 0x23200000, 0x23200000, 0x23200000)
No shared spaces configured.
}
Event: 2127.630 GC heap before
{Heap before GC invocations=187 (full 22):
 def new generation   total 33984K, used 0K [0x0f200000, 0x116e0000, 0x14750000)
  eden space 30208K,   0% used [0x0f200000, 0x0f200000, 0x10f80000)
  from space 3776K,   0% used [0x10f80000, 0x10f80000, 0x11330000)
  to   space 3776K,   0% used [0x11330000, 0x11330000, 0x116e0000)
 tenured generation   total 75424K, used 36883K [0x14750000, 0x190f8000, 0x1f200000)
   the space 75424K,  48% used [0x14750000, 0x16b54de0, 0x16b54e00, 0x190f8000)
 compacting perm gen  total 65536K, used 65536K [0x1f200000, 0x23200000, 0x23200000)
   the space 65536K, 100% used [0x1f200000, 0x23200000, 0x23200000, 0x23200000)
No shared spaces configured.
Event: 2127.840 GC heap after
Heap after GC invocations=188 (full 23):
 def new generation   total 33984K, used 0K [0x0f200000, 0x116e0000, 0x14750000)
  eden space 30208K,   0% used [0x0f200000, 0x0f200000, 0x10f80000)
  from space 3776K,   0% used [0x10f80000, 0x10f80000, 0x11330000)
  to   space 3776K,   0% used [0x11330000, 0x11330000, 0x116e0000)
 tenured generation   total 75424K, used 36777K [0x14750000, 0x190f8000, 0x1f200000)
   the space 75424K,  48% used [0x14750000, 0x16b3a5b0, 0x16b3a600, 0x190f8000)
 compacting perm gen  total 65536K, used 65536K [0x1f200000, 0x23200000, 0x23200000)
   the space 65536K, 100% used [0x1f200000, 0x23200000, 0x23200000, 0x23200000)
No shared spaces configured.
}
Event: 2128.199 GC heap before
{Heap before GC invocations=188 (full 23):
 def new generation   total 33984K, used 306K [0x0f200000, 0x116e0000, 0x14750000)
  eden space 30208K,   1% used [0x0f200000, 0x0f24cb78, 0x10f80000)
  from space 3776K,   0% used [0x10f80000, 0x10f80000, 0x11330000)
  to   space 3776K,   0% used [0x11330000, 0x11330000, 0x116e0000)
 tenured generation   total 75424K, used 36777K [0x14750000, 0x190f8000, 0x1f200000)
   the space 75424K,  48% used [0x14750000, 0x16b3a5b0, 0x16b3a600, 0x190f8000)
 compacting perm gen  total 65536K, used 65536K [0x1f200000, 0x23200000, 0x23200000)
   the space 65536K, 100% used [0x1f200000, 0x23200000, 0x23200000, 0x23200000)
No shared spaces configured.
Event: 2128.430 GC heap after
Heap after GC invocations=189 (full 24):
 def new generation   total 33984K, used 0K [0x0f200000, 0x116e0000, 0x14750000)
  eden space 30208K,   0% used [0x0f200000, 0x0f200000, 0x10f80000)
  from space 3776K,   0% used [0x10f80000, 0x10f80000, 0x11330000)
  to   space 3776K,   0% used [0x11330000, 0x11330000, 0x116e0000)
 tenured generation   total 75424K, used 30381K [0x14750000, 0x190f8000, 0x1f200000)
   the space 75424K,  40% used [0x14750000, 0x164fb748, 0x164fb800, 0x190f8000)
 compacting perm gen  total 65536K, used 65512K [0x1f200000, 0x23200000, 0x23200000)
   the space 65536K,  99% used [0x1f200000, 0x231fa2a8, 0x231fa400, 0x23200000)
No shared spaces configured.
}
Event: 2146.436 GC heap before
{Heap before GC invocations=189 (full 24):
 def new generation   total 33984K, used 364K [0x0f200000, 0x116e0000, 0x14750000)
  eden space 30208K,   1% used [0x0f200000, 0x0f25b198, 0x10f80000)
  from space 3776K,   0% used [0x10f80000, 0x10f80000, 0x11330000)
  to   space 3776K,   0% used [0x11330000, 0x11330000, 0x116e0000)
 tenured generation   total 75424K, used 30381K [0x14750000, 0x190f8000, 0x1f200000)
   the space 75424K,  40% used [0x14750000, 0x164fb748, 0x164fb800, 0x190f8000)
 compacting perm gen  total 65536K, used 65535K [0x1f200000, 0x23200000, 0x23200000)
   the space 65536K,  99% used [0x1f200000, 0x231fff78, 0x23200000, 0x23200000)
No shared spaces configured.
Event: 2146.703 GC heap after
Heap after GC invocations=190 (full 25):
 def new generation   total 33984K, used 0K [0x0f200000, 0x116e0000, 0x14750000)
  eden space 30208K,   0% used [0x0f200000, 0x0f200000, 0x10f80000)
  from space 3776K,   0% used [0x10f80000, 0x10f80000, 0x11330000)
  to   space 3776K,   0% used [0x11330000, 0x11330000, 0x116e0000)
 tenured generation   total 75424K, used 30421K [0x14750000, 0x190f8000, 0x1f200000)
   the space 75424K,  40% used [0x14750000, 0x16505470, 0x16505600, 0x190f8000)
 compacting perm gen  total 65536K, used 65535K [0x1f200000, 0x23200000, 0x23200000)
   the space 65536K,  99% used [0x1f200000, 0x231fff78, 0x23200000, 0x23200000)
No shared spaces configured.
}
Event: 2146.703 GC heap before
{Heap before GC invocations=190 (full 25):
 def new generation   total 33984K, used 0K [0x0f200000, 0x116e0000, 0x14750000)
  eden space 30208K,   0% used [0x0f200000, 0x0f200000, 0x10f80000)
  from space 3776K,   0% used [0x10f80000, 0x10f80000, 0x11330000)
  to   space 3776K,   0% used [0x11330000, 0x11330000, 0x116e0000)
 tenured generation   total 75424K, used 30421K [0x14750000, 0x190f8000, 0x1f200000)
   the space 75424K,  40% used [0x14750000, 0x16505470, 0x16505600, 0x190f8000)
 compacting perm gen  total 65536K, used 65535K [0x1f200000, 0x23200000, 0x23200000)
   the space 65536K,  99% used [0x1f200000, 0x231fff78, 0x23200000, 0x23200000)
No shared spaces configured.
Event: 2146.986 GC heap after
Heap after GC invocations=191 (full 26):
 def new generation   total 33984K, used 0K [0x0f200000, 0x116e0000, 0x14750000)
  eden space 30208K,   0% used [0x0f200000, 0x0f200000, 0x10f80000)
  from space 3776K,   0% used [0x10f80000, 0x10f80000, 0x11330000)
  to   space 3776K,   0% used [0x11330000, 0x11330000, 0x116e0000)
 tenured generation   total 75424K, used 30421K [0x14750000, 0x190f8000, 0x1f200000)
   the space 75424K,  40% used [0x14750000, 0x16505470, 0x16505600, 0x190f8000)
 compacting perm gen  total 65536K, used 65535K [0x1f200000, 0x23200000, 0x23200000)
   the space 65536K,  99% used [0x1f200000, 0x231fff78, 0x23200000, 0x23200000)
No shared spaces configured.
}

